<?xml version="1.0" encoding="UTF-8"?>
<!-- Generated by org.testng.reporters.JUnitReportReporter -->
<testsuite hostname="LENOVO" failures="0" tests="7" name="test.BMSTest" time="66.993" errors="0" timestamp="2025-10-31T17:37:05 IST" skipped="0">
  <testcase classname="test.BMSTest" name="VeriFURL" time="0.012"/>
  <testcase classname="test.BMSTest" name="TittleVeif" time="0.014"/>
  <testcase classname="test.BMSTest" name="VeriFyBrokenLinks" time="3.118"/>
  <testcase classname="test.BMSTest" name="verifLogin" time="11.684"/>
  <testcase classname="test.BMSTest" name="VerifEditMobileLogin" time="8.458"/>
  <testcase classname="test.BMSTest" name="VerifResendOTP" time="35.162"/>
  <testcase classname="test.BMSTest" name="VerifInvalidOTP" time="8.545"/>
</testsuite> <!-- test.BMSTest -->
