<?xml version="1.0" encoding="UTF-8"?>
<!-- Generated by org.testng.reporters.JUnitReportReporter -->
<testsuite hostname="LENOVO" failures="0" tests="6" name="test.BMSTest" time="53.966" errors="0" timestamp="2025-10-29T16:01:06 IST" skipped="0">
  <testcase classname="test.BMSTest" name="VeriFURL" time="0.008"/>
  <testcase classname="test.BMSTest" name="TittleVeif" time="0.013"/>
  <testcase classname="test.BMSTest" name="VeriFyBrokenLinks" time="3.092"/>
  <testcase classname="test.BMSTest" name="verifLogin" time="10.651"/>
  <testcase classname="test.BMSTest" name="VerifEditMobileLogin" time="5.032"/>
  <testcase classname="test.BMSTest" name="VerifResendOTP" time="35.170"/>
</testsuite> <!-- test.BMSTest -->
